make --dry-run --always-make --keep-going --print-directory
make: Entering directory '/goinfre/mlaidi/mamashell (copy)'
cc -c -g -Wall -Wextra -Werror -Ilibft -I. libft/ft_isalpha.c  -o  libft/ft_isalpha.o
cc -c -g -Wall -Wextra -Werror -Ilibft -I. libft/ft_isdigit.c  -o  libft/ft_isdigit.o
cc -c -g -Wall -Wextra -Werror -Ilibft -I. libft/ft_isalnum.c  -o  libft/ft_isalnum.o
cc -c -g -Wall -Wextra -Werror -Ilibft -I. libft/ft_isascii.c  -o  libft/ft_isascii.o
cc -c -g -Wall -Wextra -Werror -Ilibft -I. libft/ft_isprint.c  -o  libft/ft_isprint.o
cc -c -g -Wall -Wextra -Werror -Ilibft -I. libft/ft_strlen.c  -o  libft/ft_strlen.o
cc -c -g -Wall -Wextra -Werror -Ilibft -I. libft/ft_memset.c  -o  libft/ft_memset.o
cc -c -g -Wall -Wextra -Werror -Ilibft -I. libft/ft_bzero.c  -o  libft/ft_bzero.o
cc -c -g -Wall -Wextra -Werror -Ilibft -I. libft/ft_memcpy.c  -o  libft/ft_memcpy.o
cc -c -g -Wall -Wextra -Werror -Ilibft -I. libft/ft_memmove.c  -o  libft/ft_memmove.o
cc -c -g -Wall -Wextra -Werror -Ilibft -I. libft/ft_strlcpy.c  -o  libft/ft_strlcpy.o
cc -c -g -Wall -Wextra -Werror -Ilibft -I. libft/ft_strlcat.c  -o  libft/ft_strlcat.o
cc -c -g -Wall -Wextra -Werror -Ilibft -I. libft/ft_toupper.c  -o  libft/ft_toupper.o
cc -c -g -Wall -Wextra -Werror -Ilibft -I. libft/ft_tolower.c  -o  libft/ft_tolower.o
cc -c -g -Wall -Wextra -Werror -Ilibft -I. libft/ft_strchr.c  -o  libft/ft_strchr.o
cc -c -g -Wall -Wextra -Werror -Ilibft -I. libft/ft_strrchr.c  -o  libft/ft_strrchr.o
cc -c -g -Wall -Wextra -Werror -Ilibft -I. libft/ft_strncmp.c  -o  libft/ft_strncmp.o
cc -c -g -Wall -Wextra -Werror -Ilibft -I. libft/ft_memchr.c  -o  libft/ft_memchr.o
cc -c -g -Wall -Wextra -Werror -Ilibft -I. libft/ft_memcmp.c  -o  libft/ft_memcmp.o
cc -c -g -Wall -Wextra -Werror -Ilibft -I. libft/ft_strnstr.c  -o  libft/ft_strnstr.o
cc -c -g -Wall -Wextra -Werror -Ilibft -I. libft/ft_atoi.c  -o  libft/ft_atoi.o
cc -c -g -Wall -Wextra -Werror -Ilibft -I. libft/ft_calloc.c  -o  libft/ft_calloc.o
cc -c -g -Wall -Wextra -Werror -Ilibft -I. libft/ft_strdup.c  -o  libft/ft_strdup.o
cc -c -g -Wall -Wextra -Werror -Ilibft -I. libft/ft_substr.c  -o  libft/ft_substr.o
cc -c -g -Wall -Wextra -Werror -Ilibft -I. libft/ft_strjoin.c  -o  libft/ft_strjoin.o
cc -c -g -Wall -Wextra -Werror -Ilibft -I. libft/ft_strtrim.c  -o  libft/ft_strtrim.o
cc -c -g -Wall -Wextra -Werror -Ilibft -I. libft/ft_split.c  -o  libft/ft_split.o
cc -c -g -Wall -Wextra -Werror -Ilibft -I. libft/ft_strncpy.c  -o  libft/ft_strncpy.o
cc -c -g -Wall -Wextra -Werror -Ilibft -I. libft/ft_putchar_fd.c  -o  libft/ft_putchar_fd.o
cc -c -g -Wall -Wextra -Werror -Ilibft -I. libft/ft_putstr_fd.c  -o  libft/ft_putstr_fd.o
cc -c -g -Wall -Wextra -Werror -Ilibft -I. libft/ft_putendl_fd.c  -o  libft/ft_putendl_fd.o
cc -c -g -Wall -Wextra -Werror -Ilibft -I. libft/ft_putnbr_fd.c  -o  libft/ft_putnbr_fd.o
cc -c -g -Wall -Wextra -Werror -Ilibft -I. libft/ft_lstnew_bonus.c  -o  libft/ft_lstnew_bonus.o
cc -c -g -Wall -Wextra -Werror -Ilibft -I. libft/ft_lstadd_front_bonus.c  -o  libft/ft_lstadd_front_bonus.o
cc -c -g -Wall -Wextra -Werror -Ilibft -I. libft/ft_lstsize_bonus.c  -o  libft/ft_lstsize_bonus.o
cc -c -g -Wall -Wextra -Werror -Ilibft -I. libft/ft_lstlast_bonus.c  -o  libft/ft_lstlast_bonus.o
cc -c -g -Wall -Wextra -Werror -Ilibft -I. libft/ft_lstadd_back_bonus.c  -o  libft/ft_lstadd_back_bonus.o
cc -c -g -Wall -Wextra -Werror -Ilibft -I. libft/ft_lstdelone_bonus.c  -o  libft/ft_lstdelone_bonus.o
cc -c -g -Wall -Wextra -Werror -Ilibft -I. libft/ft_lstclear_bonus.c  -o  libft/ft_lstclear_bonus.o
cc -c -g -Wall -Wextra -Werror -Ilibft -I. libft/ft_lstiter_bonus.c  -o  libft/ft_lstiter_bonus.o
cc -c -g -Wall -Wextra -Werror -Ilibft -I. libft/ft_lstmap_bonus.c  -o  libft/ft_lstmap_bonus.o
cc -c -g -Wall -Wextra -Werror -Ilibft -I. execution/mini.c  -o  execution/mini.o
cc -c -g -Wall -Wextra -Werror -Ilibft -I. execution/utils_a.c  -o  execution/utils_a.o
cc -c -g -Wall -Wextra -Werror -Ilibft -I. execution/ft_env.c  -o  execution/ft_env.o
cc -c -g -Wall -Wextra -Werror -Ilibft -I. execution/ft_cd.c  -o  execution/ft_cd.o
cc -c -g -Wall -Wextra -Werror -Ilibft -I. execution/ft_export.c  -o  execution/ft_export.o
cc -c -g -Wall -Wextra -Werror -Ilibft -I. execution/ft_export_ex.c  -o  execution/ft_export_ex.o
cc -c -g -Wall -Wextra -Werror -Ilibft -I. execution/ft_exit.c  -o  execution/ft_exit.o
cc -c -g -Wall -Wextra -Werror -Ilibft -I. execution/ft_pwd.c  -o  execution/ft_pwd.o
cc -c -g -Wall -Wextra -Werror -Ilibft -I. execution/ft_unset.c  -o  execution/ft_unset.o
cc -c -g -Wall -Wextra -Werror -Ilibft -I. execution/external_executables.c  -o  execution/external_executables.o
cc -c -g -Wall -Wextra -Werror -Ilibft -I. execution/exit_error.c  -o  execution/exit_error.o
cc -c -g -Wall -Wextra -Werror -Ilibft -I. execution/utils_b.c  -o  execution/utils_b.o
cc -c -g -Wall -Wextra -Werror -Ilibft -I. parsing/01_tokenizer_core.c  -o  parsing/01_tokenizer_core.o
cc -c -g -Wall -Wextra -Werror -Ilibft -I. parsing/02_token_utils.c  -o  parsing/02_token_utils.o
cc -c -g -Wall -Wextra -Werror -Ilibft -I. parsing/03_token_extraction.c  -o  parsing/03_token_extraction.o
cc -c -g -Wall -Wextra -Werror -Ilibft -I. parsing/04_expansion_core.c  -o  parsing/04_expansion_core.o
cc -c -g -Wall -Wextra -Werror -Ilibft -I. parsing/05_expansion_processing.c  -o  parsing/05_expansion_processing.o
cc -c -g -Wall -Wextra -Werror -Ilibft -I. parsing/06_environment_utils.c  -o  parsing/06_environment_utils.o
cc -c -g -Wall -Wextra -Werror -Ilibft -I. parsing/07_command_parsing.c  -o  parsing/07_command_parsing.o
cc -c -g -Wall -Wextra -Werror -Ilibft -I. parsing/08_command_management.c  -o  parsing/08_command_management.o
cc -c -g -Wall -Wextra -Werror -Ilibft -I. parsing/09_redirection_handling.c  -o  parsing/09_redirection_handling.o
cc -c -g -Wall -Wextra -Werror -Ilibft -I. parsing/10_heredoc_processing.c  -o  parsing/10_heredoc_processing.o
cc -c -g -Wall -Wextra -Werror -Ilibft -I. parsing/11_builtin_commands.c  -o  parsing/11_builtin_commands.o
cc -c -g -Wall -Wextra -Werror -Ilibft -I. minishell.c  -o  minishell.o
cc -c -g -Wall -Wextra -Werror -Ilibft -I. execution/ft_pipe.c  -o  execution/ft_pipe.o
cc -g -Wall -Wextra -Werror -Ilibft -I. libft/ft_isalpha.o libft/ft_isdigit.o libft/ft_isalnum.o libft/ft_isascii.o libft/ft_isprint.o libft/ft_strlen.o libft/ft_memset.o libft/ft_bzero.o libft/ft_memcpy.o libft/ft_memmove.o libft/ft_strlcpy.o libft/ft_strlcat.o libft/ft_toupper.o libft/ft_tolower.o libft/ft_strchr.o libft/ft_strrchr.o libft/ft_strncmp.o libft/ft_memchr.o libft/ft_memcmp.o libft/ft_strnstr.o libft/ft_atoi.o libft/ft_calloc.o libft/ft_strdup.o libft/ft_substr.o libft/ft_strjoin.o libft/ft_strtrim.o libft/ft_split.o libft/ft_strncpy.o libft/ft_putchar_fd.o libft/ft_putstr_fd.o libft/ft_putendl_fd.o libft/ft_putnbr_fd.o libft/ft_lstnew_bonus.o libft/ft_lstadd_front_bonus.o libft/ft_lstsize_bonus.o libft/ft_lstlast_bonus.o libft/ft_lstadd_back_bonus.o libft/ft_lstdelone_bonus.o libft/ft_lstclear_bonus.o libft/ft_lstiter_bonus.o libft/ft_lstmap_bonus.o execution/mini.o execution/utils_a.o execution/ft_env.o execution/ft_cd.o execution/ft_export.o execution/ft_export_ex.o execution/ft_exit.o execution/ft_pwd.o execution/ft_unset.o execution/external_executables.o execution/exit_error.o execution/utils_b.o parsing/01_tokenizer_core.o parsing/02_token_utils.o parsing/03_token_extraction.o parsing/04_expansion_core.o parsing/05_expansion_processing.o parsing/06_environment_utils.o parsing/07_command_parsing.o parsing/08_command_management.o parsing/09_redirection_handling.o parsing/10_heredoc_processing.o parsing/11_builtin_commands.o minishell.o execution/ft_pipe.o -o minishell -Llibft -lreadline
make: Leaving directory '/goinfre/mlaidi/mamashell (copy)'
 
